ago 02 13:11:01 host=smtp.domain.com tls=on auth=on user=klaus@lubinus.co from=klaus@lubinus.co recipients=franz@lubinus.co errormsg='network read error: Connection reset by peer' exitcode=EX_IOERR
ago 02 13:16:55 host=smtp.domain.com tls=on auth=on user=klaus@lubinus.co from=klaus@lubinus.co recipients=franz@lubinus.co errormsg='network read error: Connection reset by peer' exitcode=EX_IOERR
ago 02 13:23:23 host=smtp.domain.com tls=on auth=on user=klaus@lubinus.co from=klaus@lubinus.co recipients=klaus@lubinus.co errormsg='network read error: Connection reset by peer' exitcode=EX_IOERR
ago 02 13:31:25 host=smtp.domain.com tls=on auth=on user=klaus@lubinus.co from=klaus@lubinus.co recipients=klaus@lubinus.co errormsg='network read error: Connection reset by peer' exitcode=EX_IOERR
ago 02 15:17:31 host=smtp.office365.com tls=on auth=on user=klubinus@javeriana.edu.co from=klubinus@javeriana.edu.co recipients=klaus@lubinus.co mailsize=1994 smtpstatus=250 smtpmsg='250 2.0.0 OK <20200802201728.st56t2hvahlghf5h@XPS9570> [Hostname=CY4PR02MB2231.namprd02.prod.outlook.com]' exitcode=EX_OK
ago 02 15:25:16 host=smtp.domain.com tls=on auth=on user=klaus@lubinus.co from=klaus@lubinus.co recipients=klubinus@javeriana.edu.co errormsg='network read error: Connection reset by peer' exitcode=EX_IOERR
ago 02 15:27:12 host=smtp.office365.com tls=on auth=on user=klubinus@javeriana.edu.co from=klubinus@javeriana.edu.co recipients=klubinus@javeriana.edu.co mailsize=3440 smtpstatus=250 smtpmsg='250 2.0.0 OK <20200802202709.2aznrcoywukqly6f@XPS9570> [Hostname=CY4PR02MB2231.namprd02.prod.outlook.com]' exitcode=EX_OK
ago 02 15:50:54 host=smtp.office365.com tls=on auth=on user=klubinus@javeriana.edu.co from=klubinus@javeriana.edu.co recipients=klubinus@javeriana.edu.co mailsize=1195338 smtpstatus=250 smtpmsg='250 2.0.0 OK <20200802205049.d3ydahuicbxaeqkn@XPS9570> [Hostname=CY4PR02MB2231.namprd02.prod.outlook.com]' exitcode=EX_OK
ago 02 19:05:23 host=smtp.office365.com tls=on auth=on user=klubinus@javeriana.edu.co from=klubinus@javeriana.edu.co recipients=luis.gomez@javeriana.edu.co mailsize=4081 smtpstatus=250 smtpmsg='250 2.0.0 OK <20200803000520.zds6a26fcfw6uis6@XPS9570> [Hostname=CY4PR02MB2231.namprd02.prod.outlook.com]' exitcode=EX_OK
ago 03 19:43:16 host=smtp.domain.com tls=on auth=on user=klaus@lubinus.co from=klaus@lubinus.co recipients=franz@lubinus.co errormsg='network read error: Connection reset by peer' exitcode=EX_IOERR
ago 03 19:48:37 host=smtp.domain.com tls=on auth=on user=klaus@lubinus.co from=klaus@lubinus.co recipients=franz@lubinus.co errormsg='network read error: Connection reset by peer' exitcode=EX_IOERR
ago 04 17:49:33 host=smtp.domain.com tls=on auth=on user=klaus@lubinus.co from=klaus@lubinus.co recipients=franz@lubinus.co errormsg='network read error: Connection reset by peer' exitcode=EX_IOERR
ago 04 18:44:58 host=smtp.domain.com tls=on auth=on user=klaus@lubinus.co from=klaus@lubinus.co recipients=franz@lubinus.co errormsg='network read error: Connection reset by peer' exitcode=EX_IOERR
ago 04 23:07:08 host=smtp.domain.com tls=on auth=on user=klaus@lubinus.co from=klaus@lubinus.co recipients=franz@lubinus.co errormsg='network read error: Connection reset by peer' exitcode=EX_IOERR
ago 04 23:19:16 host=smtp.domain.com tls=on auth=on user=klaus@lubinus.co from=klaus@lubinus.co recipients=klubinus@javeriana.edu.co mailsize=2959 smtpstatus=250 smtpmsg='250 OK id=1k3AtM-0003vF-Iu' exitcode=EX_OK
ago 05 12:48:30 host=smtp.office365.com tls=on auth=on user=klubinus@javeriana.edu.co from=klubinus@javeriana.edu.co recipients=jmhoyos@javeriana.edu.co mailsize=2032 smtpstatus=250 smtpmsg='250 2.0.0 OK <20200805174827.4cljzyt46vlrhxqd@XPS9570> [Hostname=CY4PR02MB2231.namprd02.prod.outlook.com]' exitcode=EX_OK
ago 05 18:58:06 host=smtp.domain.com tls=on auth=on user=klaus@lubinus.co from=klaus@lubinus.co recipients=mruizgar@yahoo.es mailsize=1456 smtpstatus=250 smtpmsg='250 OK id=1k3TI9-0006iQ-L9' exitcode=EX_OK
ago 07 09:04:57 host=smtp.office365.com tls=on auth=on user=klubinus@javeriana.edu.co from=klubinus@javeriana.edu.co recipients=segura.leonardo@javeriana.edu.co mailsize=2158 smtpstatus=250 smtpmsg='250 2.0.0 OK <20200807140452.ahh5bk4qd5ipy3ni@XPS9570> [Hostname=CY4PR02MB2231.namprd02.prod.outlook.com]' exitcode=EX_OK
ago 11 00:40:01 host=smtp.domain.com tls=on auth=on user=klaus@lubinus.co from=klaus@lubinus.co recipients=carlosfmorantesa@gmail.com mailsize=9628319 smtpstatus=250 smtpmsg='250 OK id=1k5N0Q-0006gl-L5' exitcode=EX_OK
ago 11 17:51:20 host=smtp.domain.com tls=on auth=on user=klaus@lubinus.co from=klaus@lubinus.co recipients=message@patreon.com mailsize=4999 smtpstatus=250 smtpmsg='250 OK id=1k5d6o-0007GJ-0i' exitcode=EX_OK
ago 12 09:43:48 host=smtp.office365.com tls=on auth=on user=klubinus@javeriana.edu.co from=klubinus@javeriana.edu.co recipients=jmhoyos@javeriana.edu.co mailsize=2584271 smtpstatus=250 smtpmsg='250 2.0.0 OK <20200812144343.g4hc6yfhcuwdnpno@XPS9570> [Hostname=CY4PR02MB2231.namprd02.prod.outlook.com]' exitcode=EX_OK
ago 13 11:44:18 host=smtp.office365.com tls=on auth=on user=klubinus@javeriana.edu.co from=klubinus@javeriana.edu.co recipients=adriana.pulido@javeriana.edu.co mailsize=46225 smtpstatus=250 smtpmsg='250 2.0.0 OK <20200813164414.ut5r2yiwksxlk3vl@XPS9570> [Hostname=CY4PR02MB2231.namprd02.prod.outlook.com]' exitcode=EX_OK
ago 13 12:28:14 host=smtp.domain.com tls=on auth=on user=klaus@lubinus.co from=klaus@lubinus.co recipients=carlosfmorantesa@gmail.com mailsize=5093596 smtpstatus=250 smtpmsg='250 OK id=1k6H10-0003Dw-MM' exitcode=EX_OK
ago 13 15:51:32 host=smtp.domain.com tls=on auth=on user=klaus@lubinus.co from=klaus@lubinus.co recipients=carlosfmorantesa@gmail.com mailsize=1898 smtpstatus=250 smtpmsg='250 OK id=1k6KBy-000393-Pn' exitcode=EX_OK
ago 13 16:09:08 host=smtp.domain.com tls=on auth=on user=klaus@lubinus.co from=klaus@lubinus.co recipients=carlosfmorantesa@gmail.com mailsize=3185 smtpstatus=250 smtpmsg='250 OK id=1k6KT0-0004Gg-Fn' exitcode=EX_OK
ago 14 14:27:14 host=smtp.domain.com tls=on auth=on user=klaus@lubinus.co from=klaus@lubinus.co recipients=carlosfmorantesa@gmail.com mailsize=12675236 smtpstatus=250 smtpmsg='250 OK id=1k6fLR-0000yt-8c' exitcode=EX_OK
ago 19 08:15:36 host=smtp.domain.com tls=on auth=on user=klaus@lubinus.co from=klaus@lubinus.co recipients=carlosfmorantesa@gmail.com mailsize=12139770 smtpstatus=250 smtpmsg='250 OK id=1k8NvY-0001pX-KW' exitcode=EX_OK
ago 19 10:30:59 host=smtp.domain.com tls=on auth=on user=klaus@lubinus.co from=klaus@lubinus.co recipients=carlosfmorantesa@gmail.com mailsize=2679851 smtpstatus=250 smtpmsg='250 OK id=1k8Q2u-0001fp-RH' exitcode=EX_OK
ago 19 18:39:18 host=smtp.domain.com tls=on auth=on user=klaus@lubinus.co from=klaus@lubinus.co recipients=carlosfmorantesa@gmail.com mailsize=21676 smtpstatus=250 smtpmsg='250 OK id=1k8XfZ-0001fH-Ca' exitcode=EX_OK
ago 19 19:05:35 host=smtp.domain.com tls=on auth=on user=klaus@lubinus.co from=klaus@lubinus.co recipients=daniela.moreno94@gmail.com mailsize=21517 smtpstatus=250 smtpmsg='250 OK id=1k8Y50-0006lP-Uw' exitcode=EX_OK
ago 20 20:44:42 host=smtp.office365.com tls=on auth=on user=klubinus@javeriana.edu.co from=klubinus@javeriana.edu.co recipients=adriana.pulido@javeriana.edu.co mailsize=42743 smtpstatus=250 smtpmsg='250 2.0.0 OK <20200821014439.uv3iix2o2jjj7jks@XPS9570> [Hostname=CY4PR02MB2231.namprd02.prod.outlook.com]' exitcode=EX_OK
ago 26 11:06:53 host=smtp.office365.com tls=on auth=on user=klubinus@javeriana.edu.co from=klubinus@javeriana.edu.co recipients=jmhoyos@javeriana.edu.co mailsize=450222 smtpstatus=250 smtpmsg='250 2.0.0 OK <20200826160646.ej4unewkvdjh4ox4@XPS9570> [Hostname=CY4PR02MB2231.namprd02.prod.outlook.com]' exitcode=EX_OK
sep 30 10:08:42 host=smtp.office365.com tls=on auth=on user=klubinus@javeriana.edu.co from=klubinus@javeriana.edu.co recipients=jmhoyos@javeriana.edu.co,elber_rios@javeriana.edu.co mailsize=1070964 smtpstatus=250 smtpmsg='250 2.0.0 OK <20200930150838.f626jnm75jhh46nf@XPS9570> [Hostname=CY4PR02MB2231.namprd02.prod.outlook.com]' exitcode=EX_OK
oct 06 19:09:55 host=smtp.domain.com tls=on auth=on user=klaus@lubinus.co from=klaus@lubinus.co recipients=linaeco12@gmail.com mailsize=25236 smtpstatus=250 smtpmsg='250 OK id=1kPx1B-0008No-Jr' exitcode=EX_OK
nov 08 21:54:28 host=smtp.domain.com tls=on auth=on user=klaus@lubinus.co from=klaus@lubinus.co recipients=franz@lubinus.co mailsize=3233 smtpstatus=250 smtpmsg='250 OK id=1kbxJB-0006YM-VS' exitcode=EX_OK
nov 08 21:56:04 host=smtp.domain.com tls=on auth=on user=klaus@lubinus.co from=klaus@lubinus.co recipients=franzlubinus@hotmail.com mailsize=3204 smtpstatus=250 smtpmsg='250 OK id=1kbxKj-0007z1-L6' exitcode=EX_OK
nov 08 21:58:48 host=smtp.domain.com tls=on auth=on user=klaus@lubinus.co from=klaus@lubinus.co recipients=franzlubinus@hotmail.com mailsize=3204 smtpstatus=250 smtpmsg='250 OK id=1kbxNO-00021n-7g' exitcode=EX_OK
nov 18 23:55:03 host=smtp.domain.com tls=on auth=on user=klaus@lubinus.co from=klaus@lubinus.co recipients=mruizgar@yahoo.es,klubinus@javeriana.edu.co mailsize=21150 smtpstatus=250 smtpmsg='250 OK id=1kfbxK-0003xj-5s' exitcode=EX_OK
